2025-02-07 22:16:02 - com.myProject.MyProjectApplication - Starting MyProjectApplication using Java 21.0.5 with PID 12212 (F:\myproj\myProject\target\classes started by nihanth in F:\myproj\myProject)
2025-02-07 22:16:02 - com.myProject.MyProjectApplication - No active profile set, falling back to 1 default profile: "default"
2025-02-07 22:16:02 - o.s.b.d.e.DevToolsPropertyDefaultsPostProcessor - Devtools property defaults active! Set 'spring.devtools.add-properties' to 'false' to disable
2025-02-07 22:16:02 - o.s.b.d.e.DevToolsPropertyDefaultsPostProcessor - For additional web related logging consider setting the 'logging.level.web' property to 'DEBUG'
2025-02-07 22:16:04 - o.s.d.r.c.RepositoryConfigurationDelegate - Bootstrapping Spring Data JPA repositories in DEFAULT mode.
2025-02-07 22:16:05 - o.s.d.r.c.RepositoryConfigurationDelegate - Finished Spring Data repository scanning in 132 ms. Found 3 JPA repository interfaces.
2025-02-07 22:16:06 - o.s.b.w.e.tomcat.TomcatWebServer - Tomcat initialized with port 8082 (http)
2025-02-07 22:16:06 - o.a.coyote.http11.Http11NioProtocol - Initializing ProtocolHandler ["http-nio-8082"]
2025-02-07 22:16:06 - o.a.catalina.core.StandardService - Starting service [Tomcat]
2025-02-07 22:16:06 - o.a.catalina.core.StandardEngine - Starting Servlet engine: [Apache Tomcat/10.1.34]
2025-02-07 22:16:06 - o.a.c.c.C.[Tomcat].[localhost].[/] - Initializing Spring embedded WebApplicationContext
2025-02-07 22:16:06 - o.s.b.w.s.c.ServletWebServerApplicationContext - Root WebApplicationContext: initialization completed in 3965 ms
2025-02-07 22:16:07 - com.zaxxer.hikari.HikariDataSource - HikariPool-1 - Starting...
2025-02-07 22:16:08 - com.zaxxer.hikari.pool.HikariPool - HikariPool-1 - Added connection com.mysql.cj.jdbc.ConnectionImpl@22a9589a
2025-02-07 22:16:08 - com.zaxxer.hikari.HikariDataSource - HikariPool-1 - Start completed.
2025-02-07 22:16:08 - o.h.jpa.internal.util.LogHelper - HHH000204: Processing PersistenceUnitInfo [name: default]
2025-02-07 22:16:08 - org.hibernate.Version - HHH000412: Hibernate ORM core version 6.6.4.Final
2025-02-07 22:16:08 - o.h.c.i.RegionFactoryInitiator - HHH000026: Second-level cache disabled
2025-02-07 22:16:09 - o.s.o.j.p.SpringPersistenceUnitInfo - No LoadTimeWeaver setup: ignoring JPA class transformer
2025-02-07 22:16:09 - o.hibernate.orm.connections.pooling - HHH10001005: Database info:
	Database JDBC URL [Connecting through datasource 'HikariDataSource (HikariPool-1)']
	Database driver: undefined/unknown
	Database version: 8.0.32
	Autocommit mode: undefined/unknown
	Isolation level: undefined/unknown
	Minimum pool size: undefined/unknown
	Maximum pool size: undefined/unknown
2025-02-07 22:16:10 - o.h.e.t.j.p.i.JtaPlatformInitiator - HHH000489: No JTA platform available (set 'hibernate.transaction.jta.platform' to enable JTA platform integration)
2025-02-07 22:16:10 - o.s.o.j.LocalContainerEntityManagerFactoryBean - Initialized JPA EntityManagerFactory for persistence unit 'default'
2025-02-07 22:16:11 - o.s.d.j.r.query.QueryEnhancerFactory - Hibernate is in classpath; If applicable, HQL parser will be used.
2025-02-07 22:16:11 - o.s.b.a.o.j.JpaBaseConfiguration$JpaWebConfiguration - spring.jpa.open-in-view is enabled by default. Therefore, database queries may be performed during view rendering. Explicitly configure spring.jpa.open-in-view to disable this warning
2025-02-07 22:16:13 - o.s.b.d.a.OptionalLiveReloadServer - LiveReload server is running on port 35729
2025-02-07 22:16:13 - o.s.b.a.e.web.EndpointLinksResolver - Exposing 14 endpoints beneath base path '/actuator'
2025-02-07 22:16:13 - o.a.coyote.http11.Http11NioProtocol - Starting ProtocolHandler ["http-nio-8082"]
2025-02-07 22:16:13 - o.s.b.w.e.tomcat.TomcatWebServer - Tomcat started on port 8082 (http) with context path '/'
2025-02-07 22:16:13 - com.myProject.MyProjectApplication - Started MyProjectApplication in 11.78 seconds (process running for 13.304)
2025-02-07 22:16:14 - o.a.c.c.C.[Tomcat].[localhost].[/] - Initializing Spring DispatcherServlet 'dispatcherServlet'
2025-02-07 22:16:14 - o.s.web.servlet.DispatcherServlet - Initializing Servlet 'dispatcherServlet'
2025-02-07 22:16:14 - o.s.web.servlet.DispatcherServlet - Completed initialization in 3 ms
2025-02-07 22:16:46 - o.s.b.a.SpringApplicationAdminMXBeanRegistrar$SpringApplicationAdmin - Application shutdown requested.
2025-02-07 22:16:46 - o.s.b.w.e.tomcat.GracefulShutdown - Commencing graceful shutdown. Waiting for active requests to complete
2025-02-07 22:16:46 - o.a.coyote.http11.Http11NioProtocol - Pausing ProtocolHandler ["http-nio-8082"]
2025-02-07 22:16:46 - o.s.b.w.e.tomcat.GracefulShutdown - Graceful shutdown complete
2025-02-07 22:16:46 - o.a.coyote.http11.Http11NioProtocol - Stopping ProtocolHandler ["http-nio-8082"]
2025-02-07 22:16:46 - o.s.o.j.LocalContainerEntityManagerFactoryBean - Closing JPA EntityManagerFactory for persistence unit 'default'
2025-02-07 22:16:46 - com.zaxxer.hikari.HikariDataSource - HikariPool-1 - Shutdown initiated...
2025-02-07 22:16:46 - com.zaxxer.hikari.HikariDataSource - HikariPool-1 - Shutdown completed.
