2025-02-07 22:25:00 - com.myProject.MyProjectApplication - Starting MyProjectApplication using Java 21.0.5 with PID 7236 (F:\myproj\myProject\target\classes started by nihanth in F:\myproj\myProject)
2025-02-07 22:25:00 - com.myProject.MyProjectApplication - No active profile set, falling back to 1 default profile: "default"
2025-02-07 22:25:01 - o.s.d.r.c.RepositoryConfigurationDelegate - Bootstrapping Spring Data JPA repositories in DEFAULT mode.
2025-02-07 22:25:01 - o.s.d.r.c.RepositoryConfigurationDelegate - Finished Spring Data repository scanning in 95 ms. Found 3 JPA repository interfaces.
2025-02-07 22:25:02 - o.s.b.w.e.tomcat.TomcatWebServer - Tomcat initialized with port 8082 (http)
2025-02-07 22:25:02 - o.a.coyote.http11.Http11NioProtocol - Initializing ProtocolHandler ["http-nio-8082"]
2025-02-07 22:25:02 - o.a.catalina.core.StandardService - Starting service [Tomcat]
2025-02-07 22:25:02 - o.a.catalina.core.StandardEngine - Starting Servlet engine: [Apache Tomcat/10.1.34]
2025-02-07 22:25:02 - o.a.c.c.C.[Tomcat].[localhost].[/] - Initializing Spring embedded WebApplicationContext
2025-02-07 22:25:02 - o.s.b.w.s.c.ServletWebServerApplicationContext - Root WebApplicationContext: initialization completed in 1423 ms
2025-02-07 22:25:02 - com.zaxxer.hikari.HikariDataSource - HikariPool-2 - Starting...
2025-02-07 22:25:03 - com.zaxxer.hikari.pool.HikariPool - HikariPool-2 - Added connection com.mysql.cj.jdbc.ConnectionImpl@800bc85
2025-02-07 22:25:03 - com.zaxxer.hikari.HikariDataSource - HikariPool-2 - Start completed.
2025-02-07 22:25:03 - o.h.jpa.internal.util.LogHelper - HHH000204: Processing PersistenceUnitInfo [name: default]
2025-02-07 22:25:03 - o.h.c.i.RegionFactoryInitiator - HHH000026: Second-level cache disabled
2025-02-07 22:25:03 - o.s.o.j.p.SpringPersistenceUnitInfo - No LoadTimeWeaver setup: ignoring JPA class transformer
2025-02-07 22:25:03 - o.hibernate.orm.connections.pooling - HHH10001005: Database info:
	Database JDBC URL [Connecting through datasource 'HikariDataSource (HikariPool-2)']
	Database driver: undefined/unknown
	Database version: 8.0.32
	Autocommit mode: undefined/unknown
	Isolation level: undefined/unknown
	Minimum pool size: undefined/unknown
	Maximum pool size: undefined/unknown
2025-02-07 22:25:03 - o.h.e.t.j.p.i.JtaPlatformInitiator - HHH000489: No JTA platform available (set 'hibernate.transaction.jta.platform' to enable JTA platform integration)
2025-02-07 22:25:03 - o.s.o.j.LocalContainerEntityManagerFactoryBean - Initialized JPA EntityManagerFactory for persistence unit 'default'
2025-02-07 22:25:04 - o.s.b.a.o.j.JpaBaseConfiguration$JpaWebConfiguration - spring.jpa.open-in-view is enabled by default. Therefore, database queries may be performed during view rendering. Explicitly configure spring.jpa.open-in-view to disable this warning
2025-02-07 22:25:04 - o.s.b.d.a.OptionalLiveReloadServer - LiveReload server is running on port 35729
2025-02-07 22:25:04 - o.s.b.a.e.web.EndpointLinksResolver - Exposing 14 endpoints beneath base path '/actuator'
2025-02-07 22:25:05 - o.a.coyote.http11.Http11NioProtocol - Starting ProtocolHandler ["http-nio-8082"]
2025-02-07 22:25:05 - o.s.b.w.e.tomcat.TomcatWebServer - Tomcat started on port 8082 (http) with context path '/'
2025-02-07 22:25:05 - com.myProject.MyProjectApplication - Started MyProjectApplication in 4.257 seconds (process running for 111.729)
2025-02-07 22:25:05 - o.s.b.d.a.ConditionEvaluationDeltaLoggingListener - Condition evaluation unchanged
2025-02-07 23:22:50 - o.s.b.d.a.LocalDevToolsAutoConfiguration$RestartingClassPathChangeChangedEventListener - Restarting due to 1 class path change (0 additions, 0 deletions, 1 modification)
2025-02-07 23:22:50 - o.s.b.w.e.tomcat.GracefulShutdown - Commencing graceful shutdown. Waiting for active requests to complete
2025-02-07 23:22:50 - o.a.coyote.http11.Http11NioProtocol - Pausing ProtocolHandler ["http-nio-8082"]
2025-02-07 23:22:50 - o.s.b.w.e.tomcat.GracefulShutdown - Graceful shutdown complete
2025-02-07 23:22:50 - o.a.coyote.http11.Http11NioProtocol - Stopping ProtocolHandler ["http-nio-8082"]
2025-02-07 23:22:50 - o.s.o.j.LocalContainerEntityManagerFactoryBean - Closing JPA EntityManagerFactory for persistence unit 'default'
2025-02-07 23:22:50 - com.zaxxer.hikari.HikariDataSource - HikariPool-2 - Shutdown initiated...
2025-02-07 23:22:50 - com.zaxxer.hikari.HikariDataSource - HikariPool-2 - Shutdown completed.
2025-02-07 23:22:51 - com.myProject.MyProjectApplication - Starting MyProjectApplication using Java 21.0.5 with PID 7236 (F:\myproj\myProject\target\classes started by nihanth in F:\myproj\myProject)
2025-02-07 23:22:51 - com.myProject.MyProjectApplication - No active profile set, falling back to 1 default profile: "default"
2025-02-07 23:22:51 - o.s.d.r.c.RepositoryConfigurationDelegate - Bootstrapping Spring Data JPA repositories in DEFAULT mode.
2025-02-07 23:22:51 - o.s.d.r.c.RepositoryConfigurationDelegate - Finished Spring Data repository scanning in 16 ms. Found 3 JPA repository interfaces.
2025-02-07 23:22:52 - o.s.b.w.e.tomcat.TomcatWebServer - Tomcat initialized with port 8082 (http)
2025-02-07 23:22:52 - o.a.coyote.http11.Http11NioProtocol - Initializing ProtocolHandler ["http-nio-8082"]
2025-02-07 23:22:52 - o.a.catalina.core.StandardService - Starting service [Tomcat]
2025-02-07 23:22:52 - o.a.catalina.core.StandardEngine - Starting Servlet engine: [Apache Tomcat/10.1.34]
2025-02-07 23:22:52 - o.a.c.c.C.[Tomcat].[localhost].[/] - Initializing Spring embedded WebApplicationContext
2025-02-07 23:22:52 - o.s.b.w.s.c.ServletWebServerApplicationContext - Root WebApplicationContext: initialization completed in 920 ms
2025-02-07 23:22:52 - com.zaxxer.hikari.HikariDataSource - HikariPool-3 - Starting...
2025-02-07 23:22:52 - com.zaxxer.hikari.pool.HikariPool - HikariPool-3 - Added connection com.mysql.cj.jdbc.ConnectionImpl@4598a4c
2025-02-07 23:22:52 - com.zaxxer.hikari.HikariDataSource - HikariPool-3 - Start completed.
2025-02-07 23:22:52 - o.h.jpa.internal.util.LogHelper - HHH000204: Processing PersistenceUnitInfo [name: default]
2025-02-07 23:22:52 - o.h.c.i.RegionFactoryInitiator - HHH000026: Second-level cache disabled
2025-02-07 23:22:52 - o.s.o.j.p.SpringPersistenceUnitInfo - No LoadTimeWeaver setup: ignoring JPA class transformer
2025-02-07 23:22:52 - o.hibernate.orm.connections.pooling - HHH10001005: Database info:
	Database JDBC URL [Connecting through datasource 'HikariDataSource (HikariPool-3)']
	Database driver: undefined/unknown
	Database version: 8.0.32
	Autocommit mode: undefined/unknown
	Isolation level: undefined/unknown
	Minimum pool size: undefined/unknown
	Maximum pool size: undefined/unknown
2025-02-07 23:22:52 - o.h.e.t.j.p.i.JtaPlatformInitiator - HHH000489: No JTA platform available (set 'hibernate.transaction.jta.platform' to enable JTA platform integration)
2025-02-07 23:22:52 - o.s.o.j.LocalContainerEntityManagerFactoryBean - Initialized JPA EntityManagerFactory for persistence unit 'default'
2025-02-07 23:22:52 - o.s.b.a.o.j.JpaBaseConfiguration$JpaWebConfiguration - spring.jpa.open-in-view is enabled by default. Therefore, database queries may be performed during view rendering. Explicitly configure spring.jpa.open-in-view to disable this warning
2025-02-07 23:22:53 - o.s.b.d.a.OptionalLiveReloadServer - LiveReload server is running on port 35729
2025-02-07 23:22:53 - o.s.b.a.e.web.EndpointLinksResolver - Exposing 14 endpoints beneath base path '/actuator'
2025-02-07 23:22:53 - o.a.coyote.http11.Http11NioProtocol - Starting ProtocolHandler ["http-nio-8082"]
2025-02-07 23:22:53 - o.s.b.w.e.tomcat.TomcatWebServer - Tomcat started on port 8082 (http) with context path '/'
2025-02-07 23:22:53 - com.myProject.MyProjectApplication - Started MyProjectApplication in 2.727 seconds (process running for 3580.41)
2025-02-07 23:22:53 - o.s.b.d.a.ConditionEvaluationDeltaLoggingListener - Condition evaluation unchanged
2025-02-07 23:23:21 - o.s.b.d.a.LocalDevToolsAutoConfiguration$RestartingClassPathChangeChangedEventListener - Restarting due to 1 class path change (0 additions, 0 deletions, 1 modification)
2025-02-07 23:23:21 - o.s.b.w.e.tomcat.GracefulShutdown - Commencing graceful shutdown. Waiting for active requests to complete
2025-02-07 23:23:21 - o.a.coyote.http11.Http11NioProtocol - Pausing ProtocolHandler ["http-nio-8082"]
2025-02-07 23:23:21 - o.s.b.w.e.tomcat.GracefulShutdown - Graceful shutdown complete
2025-02-07 23:23:21 - o.a.coyote.http11.Http11NioProtocol - Stopping ProtocolHandler ["http-nio-8082"]
2025-02-07 23:23:21 - o.s.o.j.LocalContainerEntityManagerFactoryBean - Closing JPA EntityManagerFactory for persistence unit 'default'
2025-02-07 23:23:21 - com.zaxxer.hikari.HikariDataSource - HikariPool-3 - Shutdown initiated...
2025-02-07 23:23:21 - com.zaxxer.hikari.HikariDataSource - HikariPool-3 - Shutdown completed.
2025-02-07 23:23:22 - com.myProject.MyProjectApplication - Starting MyProjectApplication using Java 21.0.5 with PID 7236 (F:\myproj\myProject\target\classes started by nihanth in F:\myproj\myProject)
2025-02-07 23:23:22 - com.myProject.MyProjectApplication - No active profile set, falling back to 1 default profile: "default"
2025-02-07 23:23:22 - o.s.d.r.c.RepositoryConfigurationDelegate - Bootstrapping Spring Data JPA repositories in DEFAULT mode.
2025-02-07 23:23:22 - o.s.d.r.c.RepositoryConfigurationDelegate - Finished Spring Data repository scanning in 14 ms. Found 3 JPA repository interfaces.
2025-02-07 23:23:22 - o.s.b.w.e.tomcat.TomcatWebServer - Tomcat initialized with port 8082 (http)
2025-02-07 23:23:22 - o.a.coyote.http11.Http11NioProtocol - Initializing ProtocolHandler ["http-nio-8082"]
2025-02-07 23:23:22 - o.a.catalina.core.StandardService - Starting service [Tomcat]
2025-02-07 23:23:22 - o.a.catalina.core.StandardEngine - Starting Servlet engine: [Apache Tomcat/10.1.34]
2025-02-07 23:23:22 - o.a.c.c.C.[Tomcat].[localhost].[/] - Initializing Spring embedded WebApplicationContext
2025-02-07 23:23:22 - o.s.b.w.s.c.ServletWebServerApplicationContext - Root WebApplicationContext: initialization completed in 832 ms
2025-02-07 23:23:22 - com.zaxxer.hikari.HikariDataSource - HikariPool-4 - Starting...
2025-02-07 23:23:23 - com.zaxxer.hikari.pool.HikariPool - HikariPool-4 - Added connection com.mysql.cj.jdbc.ConnectionImpl@20fbfa8e
2025-02-07 23:23:23 - com.zaxxer.hikari.HikariDataSource - HikariPool-4 - Start completed.
2025-02-07 23:23:23 - o.h.jpa.internal.util.LogHelper - HHH000204: Processing PersistenceUnitInfo [name: default]
2025-02-07 23:23:23 - o.h.c.i.RegionFactoryInitiator - HHH000026: Second-level cache disabled
2025-02-07 23:23:23 - o.s.o.j.p.SpringPersistenceUnitInfo - No LoadTimeWeaver setup: ignoring JPA class transformer
2025-02-07 23:23:23 - o.hibernate.orm.connections.pooling - HHH10001005: Database info:
	Database JDBC URL [Connecting through datasource 'HikariDataSource (HikariPool-4)']
	Database driver: undefined/unknown
	Database version: 8.0.32
	Autocommit mode: undefined/unknown
	Isolation level: undefined/unknown
	Minimum pool size: undefined/unknown
	Maximum pool size: undefined/unknown
2025-02-07 23:23:23 - o.h.e.t.j.p.i.JtaPlatformInitiator - HHH000489: No JTA platform available (set 'hibernate.transaction.jta.platform' to enable JTA platform integration)
2025-02-07 23:23:23 - o.s.o.j.LocalContainerEntityManagerFactoryBean - Initialized JPA EntityManagerFactory for persistence unit 'default'
2025-02-07 23:23:23 - o.s.b.a.o.j.JpaBaseConfiguration$JpaWebConfiguration - spring.jpa.open-in-view is enabled by default. Therefore, database queries may be performed during view rendering. Explicitly configure spring.jpa.open-in-view to disable this warning
2025-02-07 23:23:23 - o.s.b.d.a.OptionalLiveReloadServer - LiveReload server is running on port 35729
2025-02-07 23:23:24 - o.s.b.a.e.web.EndpointLinksResolver - Exposing 14 endpoints beneath base path '/actuator'
2025-02-07 23:23:24 - o.a.coyote.http11.Http11NioProtocol - Starting ProtocolHandler ["http-nio-8082"]
2025-02-07 23:23:24 - o.s.b.w.e.tomcat.TomcatWebServer - Tomcat started on port 8082 (http) with context path '/'
2025-02-07 23:23:24 - com.myProject.MyProjectApplication - Started MyProjectApplication in 2.135 seconds (process running for 3610.711)
2025-02-07 23:23:24 - o.s.b.d.a.ConditionEvaluationDeltaLoggingListener - Condition evaluation unchanged
2025-02-07 23:23:46 - o.s.b.a.SpringApplicationAdminMXBeanRegistrar$SpringApplicationAdmin - Application shutdown requested.
2025-02-07 23:23:46 - o.s.b.w.e.tomcat.GracefulShutdown - Commencing graceful shutdown. Waiting for active requests to complete
2025-02-07 23:23:46 - o.a.coyote.http11.Http11NioProtocol - Pausing ProtocolHandler ["http-nio-8082"]
2025-02-07 23:23:46 - o.s.b.w.e.tomcat.GracefulShutdown - Graceful shutdown complete
2025-02-07 23:23:46 - o.a.coyote.http11.Http11NioProtocol - Stopping ProtocolHandler ["http-nio-8082"]
2025-02-07 23:23:46 - o.s.o.j.LocalContainerEntityManagerFactoryBean - Closing JPA EntityManagerFactory for persistence unit 'default'
2025-02-07 23:23:46 - com.zaxxer.hikari.HikariDataSource - HikariPool-4 - Shutdown initiated...
2025-02-07 23:23:46 - com.zaxxer.hikari.HikariDataSource - HikariPool-4 - Shutdown completed.
2025-02-12 22:04:11 - com.myProject.MyProjectApplication - Starting MyProjectApplication using Java 23.0.1 with PID 9328 (F:\myproj\myProject\target\classes started by nihanth in F:\myproj\myProject)
2025-02-12 22:04:11 - com.myProject.MyProjectApplication - No active profile set, falling back to 1 default profile: "default"
2025-02-12 22:04:13 - o.s.b.d.e.DevToolsPropertyDefaultsPostProcessor - Devtools property defaults active! Set 'spring.devtools.add-properties' to 'false' to disable
2025-02-12 22:04:13 - o.s.b.d.e.DevToolsPropertyDefaultsPostProcessor - For additional web related logging consider setting the 'logging.level.web' property to 'DEBUG'
2025-02-12 22:04:33 - o.s.d.r.c.RepositoryConfigurationDelegate - Bootstrapping Spring Data JPA repositories in DEFAULT mode.
2025-02-12 22:04:33 - o.s.d.r.c.RepositoryConfigurationDelegate - Finished Spring Data repository scanning in 301 ms. Found 4 JPA repository interfaces.
2025-02-12 22:04:41 - o.s.b.w.e.tomcat.TomcatWebServer - Tomcat initialized with port 8082 (http)
2025-02-12 22:04:41 - o.a.coyote.http11.Http11NioProtocol - Initializing ProtocolHandler ["http-nio-8082"]
2025-02-12 22:04:41 - o.a.catalina.core.StandardService - Starting service [Tomcat]
2025-02-12 22:04:41 - o.a.catalina.core.StandardEngine - Starting Servlet engine: [Apache Tomcat/10.1.34]
2025-02-12 22:04:41 - o.a.c.c.C.[Tomcat].[localhost].[/] - Initializing Spring embedded WebApplicationContext
2025-02-12 22:04:41 - o.s.b.w.s.c.ServletWebServerApplicationContext - Root WebApplicationContext: initialization completed in 28781 ms
2025-02-12 22:04:44 - com.zaxxer.hikari.HikariDataSource - HikariPool-1 - Starting...
2025-02-12 22:05:06 - o.h.jpa.internal.util.LogHelper - HHH000204: Processing PersistenceUnitInfo [name: default]
2025-02-12 22:05:11 - org.hibernate.Version - HHH000412: Hibernate ORM core version 6.6.4.Final
2025-02-12 22:05:12 - o.h.c.i.RegionFactoryInitiator - HHH000026: Second-level cache disabled
2025-02-12 22:05:20 - o.s.o.j.p.SpringPersistenceUnitInfo - No LoadTimeWeaver setup: ignoring JPA class transformer
2025-02-12 22:05:20 - com.zaxxer.hikari.HikariDataSource - HikariPool-1 - Starting...
2025-02-12 22:05:23 - com.zaxxer.hikari.pool.HikariPool - HikariPool-1 - Added connection com.mysql.cj.jdbc.ConnectionImpl@bd98461
2025-02-12 22:05:23 - com.zaxxer.hikari.HikariDataSource - HikariPool-1 - Start completed.
2025-02-12 22:05:25 - o.hibernate.orm.connections.pooling - HHH10001005: Database info:
	Database JDBC URL [Connecting through datasource 'HikariDataSource (HikariPool-1)']
	Database driver: undefined/unknown
	Database version: 8.0.32
	Autocommit mode: undefined/unknown
	Isolation level: undefined/unknown
	Minimum pool size: undefined/unknown
	Maximum pool size: undefined/unknown
2025-02-12 22:05:31 - o.h.e.t.j.p.i.JtaPlatformInitiator - HHH000489: No JTA platform available (set 'hibernate.transaction.jta.platform' to enable JTA platform integration)
2025-02-12 22:05:31 - o.s.o.j.LocalContainerEntityManagerFactoryBean - Initialized JPA EntityManagerFactory for persistence unit 'default'
2025-02-12 22:05:33 - o.s.d.j.r.query.QueryEnhancerFactory - Hibernate is in classpath; If applicable, HQL parser will be used.
2025-02-12 22:05:34 - o.s.b.a.o.j.JpaBaseConfiguration$JpaWebConfiguration - spring.jpa.open-in-view is enabled by default. Therefore, database queries may be performed during view rendering. Explicitly configure spring.jpa.open-in-view to disable this warning
2025-02-12 22:05:41 - o.s.b.d.a.OptionalLiveReloadServer - LiveReload server is running on port 35729
2025-02-12 22:05:41 - o.s.b.a.e.web.EndpointLinksResolver - Exposing 14 endpoints beneath base path '/actuator'
2025-02-12 22:05:42 - o.a.coyote.http11.Http11NioProtocol - Starting ProtocolHandler ["http-nio-8082"]
2025-02-12 22:05:43 - o.s.b.w.e.tomcat.TomcatWebServer - Tomcat started on port 8082 (http) with context path '/'
2025-02-12 22:05:43 - com.myProject.MyProjectApplication - Started MyProjectApplication in 104.642 seconds (process running for 151.443)
2025-02-12 22:06:01 - o.a.c.c.C.[Tomcat].[localhost].[/] - Initializing Spring DispatcherServlet 'dispatcherServlet'
2025-02-12 22:06:01 - o.s.web.servlet.DispatcherServlet - Initializing Servlet 'dispatcherServlet'
2025-02-12 22:06:01 - o.s.web.servlet.DispatcherServlet - Completed initialization in 4 ms
2025-02-12 22:06:05 - c.m.controllers.MarksController - fullData called
2025-02-12 22:06:05 - c.m.serviceImpl.MarksServiveImpl - fullData service called
2025-02-12 23:05:39 - o.s.b.a.SpringApplicationAdminMXBeanRegistrar$SpringApplicationAdmin - Application shutdown requested.
2025-02-12 23:05:39 - o.s.b.w.e.tomcat.GracefulShutdown - Commencing graceful shutdown. Waiting for active requests to complete
2025-02-12 23:05:39 - o.a.coyote.http11.Http11NioProtocol - Pausing ProtocolHandler ["http-nio-8082"]
2025-02-12 23:05:39 - o.s.b.w.e.tomcat.GracefulShutdown - Graceful shutdown complete
2025-02-12 23:05:39 - o.a.coyote.http11.Http11NioProtocol - Stopping ProtocolHandler ["http-nio-8082"]
2025-02-12 23:05:39 - o.s.o.j.LocalContainerEntityManagerFactoryBean - Closing JPA EntityManagerFactory for persistence unit 'default'
2025-02-12 23:05:39 - com.zaxxer.hikari.HikariDataSource - HikariPool-1 - Shutdown initiated...
2025-02-12 23:05:39 - com.zaxxer.hikari.HikariDataSource - HikariPool-1 - Shutdown completed.
